<?xml version="1.0" encoding="UTF-8"?>
<testng-results ignored="0" total="3" passed="2" failed="1" skipped="0">
  <reporter-output>
  </reporter-output>
  <suite started-at="2023-05-22T17:57:33 IST" name="Default suite" finished-at="2023-05-22T17:58:32 IST" duration-ms="59377">
    <groups>
    </groups>
    <test started-at="2023-05-22T17:57:33 IST" name="Default test" finished-at="2023-05-22T17:58:32 IST" duration-ms="59377">
      <class name="testNGAssertions.AssignmentTestNG">
        <test-method signature="loginTest(java.lang.String,java.lang.String)[pri:0, instance:testNGAssertions.AssignmentTestNG@647fd8ce]" started-at="2023-05-22T17:57:33 IST" name="loginTest" data-provider="LoginData" finished-at="2023-05-22T17:57:54 IST" duration-ms="20995" status="PASS">
          <params>
            <param index="0">
              <value>
                <![CDATA[raghubn@gmail.com]]>
              </value>
            </param>
            <param index="1">
              <value>
                <![CDATA[raghubn]]>
              </value>
            </param>
          </params>
          <reporter-output>
          </reporter-output>
        </test-method> <!-- loginTest -->
        <test-method is-config="true" signature="teardown(org.testng.ITestResult)[pri:0, instance:testNGAssertions.AssignmentTestNG@647fd8ce]" started-at="2023-05-22T17:57:54 IST" name="teardown" finished-at="2023-05-22T17:57:54 IST" duration-ms="686" status="PASS">
          <params>
            <param index="0">
              <value>
                <![CDATA[[TestResult name=loginTest status=SUCCESS method=AssignmentTestNG.loginTest(java.lang.String,java.lang.String)[pri:0, instance:testNGAssertions.AssignmentTestNG@647fd8ce] output={null}]]]>
              </value>
            </param>
          </params>
          <reporter-output>
          </reporter-output>
        </test-method> <!-- teardown -->
        <test-method signature="loginTest(java.lang.String,java.lang.String)[pri:0, instance:testNGAssertions.AssignmentTestNG@647fd8ce]" started-at="2023-05-22T17:57:54 IST" name="loginTest" data-provider="LoginData" finished-at="2023-05-22T17:58:16 IST" duration-ms="21692" status="PASS">
          <params>
            <param index="0">
              <value>
                <![CDATA[9880614548]]>
              </value>
            </param>
            <param index="1">
              <value>
                <![CDATA[raghubn@123]]>
              </value>
            </param>
          </params>
          <reporter-output>
          </reporter-output>
        </test-method> <!-- loginTest -->
        <test-method is-config="true" signature="teardown(org.testng.ITestResult)[pri:0, instance:testNGAssertions.AssignmentTestNG@647fd8ce]" started-at="2023-05-22T17:58:16 IST" name="teardown" finished-at="2023-05-22T17:58:17 IST" duration-ms="1151" status="PASS">
          <params>
            <param index="0">
              <value>
                <![CDATA[[TestResult name=loginTest status=SUCCESS method=AssignmentTestNG.loginTest(java.lang.String,java.lang.String)[pri:0, instance:testNGAssertions.AssignmentTestNG@647fd8ce] output={null}]]]>
              </value>
            </param>
          </params>
          <reporter-output>
          </reporter-output>
        </test-method> <!-- teardown -->
        <test-method signature="loginTest(java.lang.String,java.lang.String)[pri:0, instance:testNGAssertions.AssignmentTestNG@647fd8ce]" started-at="2023-05-22T17:58:17 IST" name="loginTest" data-provider="LoginData" finished-at="2023-05-22T17:58:31 IST" duration-ms="13835" status="FAIL">
          <params>
            <param index="0">
              <value>
                <![CDATA[wiprotechnologies]]>
              </value>
            </param>
            <param index="1">
              <value>
                <![CDATA[123456789]]>
              </value>
            </param>
          </params>
          <exception class="org.openqa.selenium.ElementClickInterceptedException">
            <message>
              <![CDATA[element click intercepted: Element <img src="https://images.hollandandbarrettimages.co.uk/header/header-icon-green/account.svg" alt="" width="20" height="20" decoding="async"> is not clickable at point (1100, 33). Other element would receive the click: <div class="CookieConsent-module--cookieConsent--48029">...</div>
  (Session info: chrome=113.0.5672.127)
Build info: version: '4.9.0', revision: 'd7057100a6'
System info: os.name: 'Windows 10', os.arch: 'amd64', os.version: '10.0', java.version: '14'
Driver info: org.openqa.selenium.chrome.ChromeDriver
Command: [0608d160c347fb98c0c76c9c9dd191f8, clickElement {id=7858F3E9CF64FDB87F348F182E2837D6_element_97}]
Capabilities {acceptInsecureCerts: false, browserName: chrome, browserVersion: 113.0.5672.127, chrome: {chromedriverVersion: 113.0.5672.63 (0e1a4471d5ae..., userDataDir: C:\Users\Admin\AppData\Loca...}, goog:chromeOptions: {debuggerAddress: localhost:56897}, networkConnectionEnabled: false, pageLoadStrategy: normal, platformName: WINDOWS, proxy: Proxy(), se:cdp: ws://localhost:56897/devtoo..., se:cdpVersion: 113.0.5672.127, setWindowRect: true, strictFileInteractability: false, timeouts: {implicit: 0, pageLoad: 300000, script: 30000}, unhandledPromptBehavior: dismiss and notify, webauthn:extension:credBlob: true, webauthn:extension:largeBlob: true, webauthn:extension:minPinLength: true, webauthn:extension:prf: true, webauthn:virtualAuthenticators: true}
Element: [[ChromeDriver: chrome on WINDOWS (0608d160c347fb98c0c76c9c9dd191f8)] -> xpath: //*[@id="data-cs-mask-account"]/button/div/img]
Session ID: 0608d160c347fb98c0c76c9c9dd191f8]]>
            </message>
            <full-stacktrace>
              <![CDATA[org.openqa.selenium.ElementClickInterceptedException: element click intercepted: Element <img src="https://images.hollandandbarrettimages.co.uk/header/header-icon-green/account.svg" alt="" width="20" height="20" decoding="async"> is not clickable at point (1100, 33). Other element would receive the click: <div class="CookieConsent-module--cookieConsent--48029">...</div>
  (Session info: chrome=113.0.5672.127)
Build info: version: '4.9.0', revision: 'd7057100a6'
System info: os.name: 'Windows 10', os.arch: 'amd64', os.version: '10.0', java.version: '14'
Driver info: org.openqa.selenium.chrome.ChromeDriver
Command: [0608d160c347fb98c0c76c9c9dd191f8, clickElement {id=7858F3E9CF64FDB87F348F182E2837D6_element_97}]
Capabilities {acceptInsecureCerts: false, browserName: chrome, browserVersion: 113.0.5672.127, chrome: {chromedriverVersion: 113.0.5672.63 (0e1a4471d5ae..., userDataDir: C:\Users\Admin\AppData\Loca...}, goog:chromeOptions: {debuggerAddress: localhost:56897}, networkConnectionEnabled: false, pageLoadStrategy: normal, platformName: WINDOWS, proxy: Proxy(), se:cdp: ws://localhost:56897/devtoo..., se:cdpVersion: 113.0.5672.127, setWindowRect: true, strictFileInteractability: false, timeouts: {implicit: 0, pageLoad: 300000, script: 30000}, unhandledPromptBehavior: dismiss and notify, webauthn:extension:credBlob: true, webauthn:extension:largeBlob: true, webauthn:extension:minPinLength: true, webauthn:extension:prf: true, webauthn:virtualAuthenticators: true}
Element: [[ChromeDriver: chrome on WINDOWS (0608d160c347fb98c0c76c9c9dd191f8)] -> xpath: //*[@id="data-cs-mask-account"]/button/div/img]
Session ID: 0608d160c347fb98c0c76c9c9dd191f8
at java.base/jdk.internal.reflect.NativeConstructorAccessorImpl.newInstance0(Native Method)
at java.base/jdk.internal.reflect.NativeConstructorAccessorImpl.newInstance(NativeConstructorAccessorImpl.java:62)
at java.base/jdk.internal.reflect.DelegatingConstructorAccessorImpl.newInstance(DelegatingConstructorAccessorImpl.java:45)
at java.base/java.lang.reflect.Constructor.newInstanceWithCaller(Constructor.java:500)
at java.base/java.lang.reflect.Constructor.newInstance(Constructor.java:481)
at org.openqa.selenium.remote.codec.w3c.W3CHttpResponseCodec.createException(W3CHttpResponseCodec.java:200)
at org.openqa.selenium.remote.codec.w3c.W3CHttpResponseCodec.decode(W3CHttpResponseCodec.java:133)
at org.openqa.selenium.remote.codec.w3c.W3CHttpResponseCodec.decode(W3CHttpResponseCodec.java:53)
at org.openqa.selenium.remote.HttpCommandExecutor.execute(HttpCommandExecutor.java:193)
at org.openqa.selenium.remote.service.DriverCommandExecutor.invokeExecute(DriverCommandExecutor.java:183)
at org.openqa.selenium.remote.service.DriverCommandExecutor.execute(DriverCommandExecutor.java:158)
at org.openqa.selenium.remote.RemoteWebDriver.execute(RemoteWebDriver.java:543)
at org.openqa.selenium.remote.RemoteWebElement.execute(RemoteWebElement.java:257)
at org.openqa.selenium.remote.RemoteWebElement.click(RemoteWebElement.java:78)
at testNGAssertions.AssignmentTestNG.loginTest(AssignmentTestNG.java:26)
at java.base/jdk.internal.reflect.NativeMethodAccessorImpl.invoke0(Native Method)
at java.base/jdk.internal.reflect.NativeMethodAccessorImpl.invoke(NativeMethodAccessorImpl.java:62)
at java.base/jdk.internal.reflect.DelegatingMethodAccessorImpl.invoke(DelegatingMethodAccessorImpl.java:43)
at java.base/java.lang.reflect.Method.invoke(Method.java:564)
at org.testng.internal.MethodInvocationHelper.invokeMethod(MethodInvocationHelper.java:133)
at org.testng.internal.TestInvoker.invokeMethod(TestInvoker.java:598)
at org.testng.internal.TestInvoker.invokeTestMethod(TestInvoker.java:173)
at org.testng.internal.MethodRunner.runInSequence(MethodRunner.java:46)
at org.testng.internal.TestInvoker$MethodInvocationAgent.invoke(TestInvoker.java:824)
at org.testng.internal.TestInvoker.invokeTestMethods(TestInvoker.java:146)
at org.testng.internal.TestMethodWorker.invokeTestMethods(TestMethodWorker.java:146)
at org.testng.internal.TestMethodWorker.run(TestMethodWorker.java:128)
at java.base/java.util.ArrayList.forEach(ArrayList.java:1510)
at org.testng.TestRunner.privateRun(TestRunner.java:794)
at org.testng.TestRunner.run(TestRunner.java:596)
at org.testng.SuiteRunner.runTest(SuiteRunner.java:377)
at org.testng.SuiteRunner.runSequentially(SuiteRunner.java:371)
at org.testng.SuiteRunner.privateRun(SuiteRunner.java:332)
at org.testng.SuiteRunner.run(SuiteRunner.java:276)
at org.testng.SuiteRunnerWorker.runSuite(SuiteRunnerWorker.java:53)
at org.testng.SuiteRunnerWorker.run(SuiteRunnerWorker.java:96)
at org.testng.TestNG.runSuitesSequentially(TestNG.java:1212)
at org.testng.TestNG.runSuitesLocally(TestNG.java:1134)
at org.testng.TestNG.runSuites(TestNG.java:1063)
at org.testng.TestNG.run(TestNG.java:1031)
at org.testng.remote.AbstractRemoteTestNG.run(AbstractRemoteTestNG.java:115)
at org.testng.remote.RemoteTestNG.initAndRun(RemoteTestNG.java:251)
at org.testng.remote.RemoteTestNG.main(RemoteTestNG.java:77)
]]>
            </full-stacktrace>
          </exception> <!-- org.openqa.selenium.ElementClickInterceptedException -->
          <reporter-output>
          </reporter-output>
        </test-method> <!-- loginTest -->
        <test-method is-config="true" signature="teardown(org.testng.ITestResult)[pri:0, instance:testNGAssertions.AssignmentTestNG@647fd8ce]" started-at="2023-05-22T17:58:31 IST" name="teardown" finished-at="2023-05-22T17:58:32 IST" duration-ms="974" status="PASS">
          <params>
            <param index="0">
              <value>
                <![CDATA[[TestResult name=loginTest status=FAILURE method=AssignmentTestNG.loginTest(java.lang.String,java.lang.String)[pri:0, instance:testNGAssertions.AssignmentTestNG@647fd8ce] output={null}]]]>
              </value>
            </param>
          </params>
          <reporter-output>
          </reporter-output>
        </test-method> <!-- teardown -->
      </class> <!-- testNGAssertions.AssignmentTestNG -->
    </test> <!-- Default test -->
  </suite> <!-- Default suite -->
</testng-results>
